

Started GET "/" for 127.0.0.1 at 2013-11-27 19:08:12 -0800
Processing by Rails::WelcomeController#index as HTML
  Rendered /Users/brad/.rvm/gems/ruby-2.0.0-p0/gems/railties-4.0.0/lib/rails/templates/rails/welcome/index.html.erb (2.4ms)
Completed 200 OK in 51ms (Views: 9.2ms | ActiveRecord: 0.0ms)
  [1m[36m (1.2ms)[0m  [1mCREATE TABLE "schema_migrations" ("version" varchar(255) NOT NULL) [0m
  [1m[35m (0.9ms)[0m  CREATE UNIQUE INDEX "unique_schema_migrations" ON "schema_migrations" ("version")
  [1m[36mActiveRecord::SchemaMigration Load (0.1ms)[0m  [1mSELECT "schema_migrations".* FROM "schema_migrations"[0m
Migrating to CreateUploads (20131128032548)
  [1m[35m (0.1ms)[0m  begin transaction
  [1m[36m (0.3ms)[0m  [1mCREATE TABLE "uploads" ("id" INTEGER PRIMARY KEY AUTOINCREMENT NOT NULL, "filename" varchar(255), "attachment" varchar(255), "created_at" datetime, "updated_at" datetime) [0m
  [1m[35mSQL (0.2ms)[0m  INSERT INTO "schema_migrations" ("version") VALUES (?)  [["version", "20131128032548"]]
  [1m[36m (0.7ms)[0m  [1mcommit transaction[0m
  [1m[35mActiveRecord::SchemaMigration Load (0.1ms)[0m  SELECT "schema_migrations".* FROM "schema_migrations"


Started GET "/uploads" for 127.0.0.1 at 2013-11-27 19:29:01 -0800
  [1m[36mActiveRecord::SchemaMigration Load (0.2ms)[0m  [1mSELECT "schema_migrations".* FROM "schema_migrations"[0m

AbstractController::ActionNotFound (The action 'index' could not be found for UploadsController):
  actionpack (4.0.0) lib/abstract_controller/base.rb:131:in `process'
  actionpack (4.0.0) lib/abstract_controller/rendering.rb:44:in `process'
  actionpack (4.0.0) lib/action_controller/metal.rb:195:in `dispatch'
  actionpack (4.0.0) lib/action_controller/metal/rack_delegation.rb:13:in `dispatch'
  actionpack (4.0.0) lib/action_controller/metal.rb:231:in `block in action'
  actionpack (4.0.0) lib/action_dispatch/routing/route_set.rb:80:in `call'
  actionpack (4.0.0) lib/action_dispatch/routing/route_set.rb:80:in `dispatch'
  actionpack (4.0.0) lib/action_dispatch/routing/route_set.rb:48:in `call'
  actionpack (4.0.0) lib/action_dispatch/journey/router.rb:71:in `block in call'
  actionpack (4.0.0) lib/action_dispatch/journey/router.rb:59:in `each'
  actionpack (4.0.0) lib/action_dispatch/journey/router.rb:59:in `call'
  actionpack (4.0.0) lib/action_dispatch/routing/route_set.rb:655:in `call'
  rack (1.5.2) lib/rack/etag.rb:23:in `call'
  rack (1.5.2) lib/rack/conditionalget.rb:25:in `call'
  rack (1.5.2) lib/rack/head.rb:11:in `call'
  actionpack (4.0.0) lib/action_dispatch/middleware/params_parser.rb:27:in `call'
  actionpack (4.0.0) lib/action_dispatch/middleware/flash.rb:241:in `call'
  rack (1.5.2) lib/rack/session/abstract/id.rb:225:in `context'
  rack (1.5.2) lib/rack/session/abstract/id.rb:220:in `call'
  actionpack (4.0.0) lib/action_dispatch/middleware/cookies.rb:486:in `call'
  activerecord (4.0.0) lib/active_record/query_cache.rb:36:in `call'
  activerecord (4.0.0) lib/active_record/connection_adapters/abstract/connection_pool.rb:626:in `call'
  activerecord (4.0.0) lib/active_record/migration.rb:369:in `call'
  actionpack (4.0.0) lib/action_dispatch/middleware/callbacks.rb:29:in `block in call'
  activesupport (4.0.0) lib/active_support/callbacks.rb:373:in `_run__835530675398419666__call__callbacks'
  activesupport (4.0.0) lib/active_support/callbacks.rb:80:in `run_callbacks'
  actionpack (4.0.0) lib/action_dispatch/middleware/callbacks.rb:27:in `call'
  actionpack (4.0.0) lib/action_dispatch/middleware/reloader.rb:64:in `call'
  actionpack (4.0.0) lib/action_dispatch/middleware/remote_ip.rb:76:in `call'
  actionpack (4.0.0) lib/action_dispatch/middleware/debug_exceptions.rb:17:in `call'
  actionpack (4.0.0) lib/action_dispatch/middleware/show_exceptions.rb:30:in `call'
  railties (4.0.0) lib/rails/rack/logger.rb:38:in `call_app'
  railties (4.0.0) lib/rails/rack/logger.rb:21:in `block in call'
  activesupport (4.0.0) lib/active_support/tagged_logging.rb:67:in `block in tagged'
  activesupport (4.0.0) lib/active_support/tagged_logging.rb:25:in `tagged'
  activesupport (4.0.0) lib/active_support/tagged_logging.rb:67:in `tagged'
  railties (4.0.0) lib/rails/rack/logger.rb:21:in `call'
  actionpack (4.0.0) lib/action_dispatch/middleware/request_id.rb:21:in `call'
  rack (1.5.2) lib/rack/methodoverride.rb:21:in `call'
  rack (1.5.2) lib/rack/runtime.rb:17:in `call'
  activesupport (4.0.0) lib/active_support/cache/strategy/local_cache.rb:83:in `call'
  rack (1.5.2) lib/rack/lock.rb:17:in `call'
  actionpack (4.0.0) lib/action_dispatch/middleware/static.rb:64:in `call'
  railties (4.0.0) lib/rails/engine.rb:511:in `call'
  railties (4.0.0) lib/rails/application.rb:97:in `call'
  rack (1.5.2) lib/rack/lock.rb:17:in `call'
  rack (1.5.2) lib/rack/content_length.rb:14:in `call'
  rack (1.5.2) lib/rack/handler/webrick.rb:60:in `service'
  /System/Library/Frameworks/Ruby.framework/Versions/2.0/usr/lib/ruby/2.0.0/webrick/httpserver.rb:138:in `service'
  /System/Library/Frameworks/Ruby.framework/Versions/2.0/usr/lib/ruby/2.0.0/webrick/httpserver.rb:94:in `run'
  /System/Library/Frameworks/Ruby.framework/Versions/2.0/usr/lib/ruby/2.0.0/webrick/server.rb:295:in `block in start_thread'


  Rendered /Users/brad/.rvm/gems/ruby-2.0.0-p0/gems/actionpack-4.0.0/lib/action_dispatch/middleware/templates/rescues/unknown_action.erb within rescues/layout (27.3ms)


Started GET "/uploads" for 127.0.0.1 at 2013-11-27 19:30:51 -0800
  [1m[36mActiveRecord::SchemaMigration Load (0.1ms)[0m  [1mSELECT "schema_migrations".* FROM "schema_migrations"[0m

ActiveRecord::PendingMigrationError (Migrations are pending; run 'rake db:migrate RAILS_ENV=development' to resolve this issue.):
  activerecord (4.0.0) lib/active_record/migration.rb:379:in `check_pending!'
  activerecord (4.0.0) lib/active_record/migration.rb:366:in `call'
  actionpack (4.0.0) lib/action_dispatch/middleware/callbacks.rb:29:in `block in call'
  activesupport (4.0.0) lib/active_support/callbacks.rb:373:in `_run__853911077570430284__call__callbacks'
  activesupport (4.0.0) lib/active_support/callbacks.rb:80:in `run_callbacks'
  actionpack (4.0.0) lib/action_dispatch/middleware/callbacks.rb:27:in `call'
  actionpack (4.0.0) lib/action_dispatch/middleware/reloader.rb:64:in `call'
  actionpack (4.0.0) lib/action_dispatch/middleware/remote_ip.rb:76:in `call'
  actionpack (4.0.0) lib/action_dispatch/middleware/debug_exceptions.rb:17:in `call'
  actionpack (4.0.0) lib/action_dispatch/middleware/show_exceptions.rb:30:in `call'
  railties (4.0.0) lib/rails/rack/logger.rb:38:in `call_app'
  railties (4.0.0) lib/rails/rack/logger.rb:21:in `block in call'
  activesupport (4.0.0) lib/active_support/tagged_logging.rb:67:in `block in tagged'
  activesupport (4.0.0) lib/active_support/tagged_logging.rb:25:in `tagged'
  activesupport (4.0.0) lib/active_support/tagged_logging.rb:67:in `tagged'
  railties (4.0.0) lib/rails/rack/logger.rb:21:in `call'
  actionpack (4.0.0) lib/action_dispatch/middleware/request_id.rb:21:in `call'
  rack (1.5.2) lib/rack/methodoverride.rb:21:in `call'
  rack (1.5.2) lib/rack/runtime.rb:17:in `call'
  activesupport (4.0.0) lib/active_support/cache/strategy/local_cache.rb:83:in `call'
  rack (1.5.2) lib/rack/lock.rb:17:in `call'
  actionpack (4.0.0) lib/action_dispatch/middleware/static.rb:64:in `call'
  railties (4.0.0) lib/rails/engine.rb:511:in `call'
  railties (4.0.0) lib/rails/application.rb:97:in `call'
  rack (1.5.2) lib/rack/lock.rb:17:in `call'
  rack (1.5.2) lib/rack/content_length.rb:14:in `call'
  rack (1.5.2) lib/rack/handler/webrick.rb:60:in `service'
  /System/Library/Frameworks/Ruby.framework/Versions/2.0/usr/lib/ruby/2.0.0/webrick/httpserver.rb:138:in `service'
  /System/Library/Frameworks/Ruby.framework/Versions/2.0/usr/lib/ruby/2.0.0/webrick/httpserver.rb:94:in `run'
  /System/Library/Frameworks/Ruby.framework/Versions/2.0/usr/lib/ruby/2.0.0/webrick/server.rb:295:in `block in start_thread'


  Rendered /Users/brad/.rvm/gems/ruby-2.0.0-p0/gems/actionpack-4.0.0/lib/action_dispatch/middleware/templates/rescues/_source.erb (0.7ms)
  Rendered /Users/brad/.rvm/gems/ruby-2.0.0-p0/gems/actionpack-4.0.0/lib/action_dispatch/middleware/templates/rescues/_trace.erb (0.7ms)
  Rendered /Users/brad/.rvm/gems/ruby-2.0.0-p0/gems/actionpack-4.0.0/lib/action_dispatch/middleware/templates/rescues/_request_and_response.erb (0.6ms)
  Rendered /Users/brad/.rvm/gems/ruby-2.0.0-p0/gems/actionpack-4.0.0/lib/action_dispatch/middleware/templates/rescues/diagnostics.erb within rescues/layout (14.8ms)
  [1m[36mActiveRecord::SchemaMigration Load (0.1ms)[0m  [1mSELECT "schema_migrations".* FROM "schema_migrations"[0m
Migrating to CreateUploads (20131128033032)
  [1m[35m (0.0ms)[0m  begin transaction
  [1m[36m (0.1ms)[0m  [1mCREATE TABLE "uploads" ("id" INTEGER PRIMARY KEY AUTOINCREMENT NOT NULL, "filename" varchar(255), "attachment" varchar(255), "created_at" datetime, "updated_at" datetime) [0m
SQLite3::SQLException: table "uploads" already exists: CREATE TABLE "uploads" ("id" INTEGER PRIMARY KEY AUTOINCREMENT NOT NULL, "filename" varchar(255), "attachment" varchar(255), "created_at" datetime, "updated_at" datetime) 
  [1m[35m (0.0ms)[0m  rollback transaction
  [1m[36m (1.9ms)[0m  [1mCREATE TABLE "schema_migrations" ("version" varchar(255) NOT NULL) [0m
  [1m[35m (1.1ms)[0m  CREATE UNIQUE INDEX "unique_schema_migrations" ON "schema_migrations" ("version")
  [1m[36mActiveRecord::SchemaMigration Load (0.1ms)[0m  [1mSELECT "schema_migrations".* FROM "schema_migrations"[0m
Migrating to CreateUploads (20131128033032)
  [1m[35m (0.1ms)[0m  begin transaction
  [1m[36m (0.5ms)[0m  [1mCREATE TABLE "uploads" ("id" INTEGER PRIMARY KEY AUTOINCREMENT NOT NULL, "filename" varchar(255), "attachment" varchar(255), "created_at" datetime, "updated_at" datetime) [0m
  [1m[35mSQL (0.1ms)[0m  INSERT INTO "schema_migrations" ("version") VALUES (?)  [["version", "20131128033032"]]
  [1m[36m (0.7ms)[0m  [1mcommit transaction[0m
  [1m[35mActiveRecord::SchemaMigration Load (0.1ms)[0m  SELECT "schema_migrations".* FROM "schema_migrations"


Started GET "/uploads" for 127.0.0.1 at 2013-11-27 19:31:13 -0800
  [1m[36mActiveRecord::SchemaMigration Load (0.1ms)[0m  [1mSELECT "schema_migrations".* FROM "schema_migrations"[0m
Processing by UploadsController#index as HTML
  [1m[35mUpload Load (0.1ms)[0m  SELECT "uploads".* FROM "uploads"
  Rendered uploads/index.html.erb within layouts/application (24.8ms)
Completed 200 OK in 421ms (Views: 400.8ms | ActiveRecord: 0.1ms)


Started GET "/assets/application.css?body=1" for 127.0.0.1 at 2013-11-27 19:31:14 -0800


Started GET "/assets/scaffolds.css?body=1" for 127.0.0.1 at 2013-11-27 19:31:14 -0800


Started GET "/assets/uploads.css?body=1" for 127.0.0.1 at 2013-11-27 19:31:14 -0800


Started GET "/assets/jquery.js?body=1" for 127.0.0.1 at 2013-11-27 19:31:14 -0800


Started GET "/assets/jquery_ujs.js?body=1" for 127.0.0.1 at 2013-11-27 19:31:14 -0800


Started GET "/assets/uploads.js?body=1" for 127.0.0.1 at 2013-11-27 19:31:14 -0800


Started GET "/assets/turbolinks.js?body=1" for 127.0.0.1 at 2013-11-27 19:31:14 -0800


Started GET "/assets/application.js?body=1" for 127.0.0.1 at 2013-11-27 19:31:14 -0800


Started GET "/uploads/new" for 127.0.0.1 at 2013-11-27 19:31:16 -0800
Processing by UploadsController#new as HTML
  Rendered uploads/_form.html.erb (17.9ms)
  Rendered uploads/new.html.erb within layouts/application (21.7ms)
Completed 200 OK in 26ms (Views: 24.8ms | ActiveRecord: 0.2ms)


Started GET "/uploads/new" for 127.0.0.1 at 2013-11-27 19:32:24 -0800
  [1m[36mActiveRecord::SchemaMigration Load (0.1ms)[0m  [1mSELECT "schema_migrations".* FROM "schema_migrations"[0m
Processing by UploadsController#new as HTML
  Rendered uploads/_form.html.erb (16.9ms)
  Rendered uploads/new.html.erb within layouts/application (19.6ms)
Completed 200 OK in 90ms (Views: 69.2ms | ActiveRecord: 0.2ms)


Started GET "/assets/scaffolds.css?body=1" for 127.0.0.1 at 2013-11-27 19:32:24 -0800


Started GET "/assets/application.css?body=1" for 127.0.0.1 at 2013-11-27 19:32:24 -0800


Started GET "/assets/jquery.js?body=1" for 127.0.0.1 at 2013-11-27 19:32:24 -0800


Started GET "/assets/jquery_ujs.js?body=1" for 127.0.0.1 at 2013-11-27 19:32:24 -0800


Started GET "/assets/uploads.js?body=1" for 127.0.0.1 at 2013-11-27 19:32:24 -0800


Started GET "/assets/uploads.css?body=1" for 127.0.0.1 at 2013-11-27 19:32:24 -0800


Started GET "/assets/turbolinks.js?body=1" for 127.0.0.1 at 2013-11-27 19:32:24 -0800


Started GET "/assets/application.js?body=1" for 127.0.0.1 at 2013-11-27 19:32:24 -0800


Started POST "/uploads" for 127.0.0.1 at 2013-11-27 19:32:35 -0800
Processing by UploadsController#create as HTML
  Parameters: {"utf8"=>"✓", "authenticity_token"=>"WQP9ZRoVMG71GjN7zCUOmgXUjFJB37wRdr1JTFCKOuY=", "upload"=>{"filename"=>"TEST", "attachment"=>#<ActionDispatch::Http::UploadedFile:0x007fc6f288a098 @tempfile=#<Tempfile:/var/folders/4v/xtlq3b9n6w356pndsw5d1wz00000gr/T/RackMultipart20131127-80858-4ahyx3>, @original_filename="website0.png", @content_type="image/png", @headers="Content-Disposition: form-data; name=\"upload[attachment]\"; filename=\"website0.png\"\r\nContent-Type: image/png\r\n">}, "commit"=>"Create Upload"}
  [1m[35m (0.1ms)[0m  begin transaction
  [1m[36mSQL (2.0ms)[0m  [1mINSERT INTO "uploads" ("attachment", "created_at", "filename", "updated_at") VALUES (?, ?, ?, ?)[0m  [["attachment", #<ActionDispatch::Http::UploadedFile:0x007fc6f288a098 @tempfile=#<Tempfile:/var/folders/4v/xtlq3b9n6w356pndsw5d1wz00000gr/T/RackMultipart20131127-80858-4ahyx3>, @original_filename="website0.png", @content_type="image/png", @headers="Content-Disposition: form-data; name=\"upload[attachment]\"; filename=\"website0.png\"\r\nContent-Type: image/png\r\n">], ["created_at", Thu, 28 Nov 2013 03:32:35 UTC +00:00], ["filename", "TEST"], ["updated_at", Thu, 28 Nov 2013 03:32:35 UTC +00:00]]
TypeError: can't cast ActionDispatch::Http::UploadedFile to string: INSERT INTO "uploads" ("attachment", "created_at", "filename", "updated_at") VALUES (?, ?, ?, ?)
  [1m[35m (0.1ms)[0m  rollback transaction
Completed 500 Internal Server Error in 6ms

ActiveRecord::StatementInvalid (TypeError: can't cast ActionDispatch::Http::UploadedFile to string: INSERT INTO "uploads" ("attachment", "created_at", "filename", "updated_at") VALUES (?, ?, ?, ?)):
  app/controllers/uploads_controller.rb:30:in `block in create'
  app/controllers/uploads_controller.rb:29:in `create'


  Rendered /Users/brad/.rvm/gems/ruby-2.0.0-p0/gems/actionpack-4.0.0/lib/action_dispatch/middleware/templates/rescues/_source.erb (0.4ms)
  Rendered /Users/brad/.rvm/gems/ruby-2.0.0-p0/gems/actionpack-4.0.0/lib/action_dispatch/middleware/templates/rescues/_trace.erb (0.7ms)
  Rendered /Users/brad/.rvm/gems/ruby-2.0.0-p0/gems/actionpack-4.0.0/lib/action_dispatch/middleware/templates/rescues/_request_and_response.erb (0.8ms)
  Rendered /Users/brad/.rvm/gems/ruby-2.0.0-p0/gems/actionpack-4.0.0/lib/action_dispatch/middleware/templates/rescues/diagnostics.erb within rescues/layout (9.9ms)


Started POST "/uploads" for 127.0.0.1 at 2013-11-27 19:33:31 -0800
  [1m[36mActiveRecord::SchemaMigration Load (0.1ms)[0m  [1mSELECT "schema_migrations".* FROM "schema_migrations"[0m
Processing by UploadsController#create as HTML
  Parameters: {"utf8"=>"✓", "authenticity_token"=>"WQP9ZRoVMG71GjN7zCUOmgXUjFJB37wRdr1JTFCKOuY=", "upload"=>{"filename"=>"asdasd", "attachment"=>#<ActionDispatch::Http::UploadedFile:0x007fcf4d9f2f80 @tempfile=#<Tempfile:/var/folders/4v/xtlq3b9n6w356pndsw5d1wz00000gr/T/RackMultipart20131127-80911-1orwcp6>, @original_filename="website1.png", @content_type="image/png", @headers="Content-Disposition: form-data; name=\"upload[attachment]\"; filename=\"website1.png\"\r\nContent-Type: image/png\r\n">}, "commit"=>"Create Upload"}
Completed 500 Internal Server Error in 20ms

NameError (uninitialized constant Upload::AttacmentUploader):
  app/models/upload.rb:2:in `<class:Upload>'
  app/models/upload.rb:1:in `<top (required)>'
  app/controllers/uploads_controller.rb:27:in `create'


  Rendered /Users/brad/.rvm/gems/ruby-2.0.0-p0/gems/actionpack-4.0.0/lib/action_dispatch/middleware/templates/rescues/_source.erb (0.4ms)
  Rendered /Users/brad/.rvm/gems/ruby-2.0.0-p0/gems/actionpack-4.0.0/lib/action_dispatch/middleware/templates/rescues/_trace.erb (0.7ms)
  Rendered /Users/brad/.rvm/gems/ruby-2.0.0-p0/gems/actionpack-4.0.0/lib/action_dispatch/middleware/templates/rescues/_request_and_response.erb (0.7ms)
  Rendered /Users/brad/.rvm/gems/ruby-2.0.0-p0/gems/actionpack-4.0.0/lib/action_dispatch/middleware/templates/rescues/diagnostics.erb within rescues/layout (9.7ms)


Started POST "/uploads" for 127.0.0.1 at 2013-11-27 19:33:51 -0800
  [1m[36mActiveRecord::SchemaMigration Load (0.1ms)[0m  [1mSELECT "schema_migrations".* FROM "schema_migrations"[0m
Processing by UploadsController#create as HTML
  Parameters: {"utf8"=>"✓", "authenticity_token"=>"WQP9ZRoVMG71GjN7zCUOmgXUjFJB37wRdr1JTFCKOuY=", "upload"=>{"filename"=>"asdasd", "attachment"=>#<ActionDispatch::Http::UploadedFile:0x007fbdb7936df0 @tempfile=#<Tempfile:/var/folders/4v/xtlq3b9n6w356pndsw5d1wz00000gr/T/RackMultipart20131127-80963-1b50lpa>, @original_filename="productshot6.png", @content_type="image/png", @headers="Content-Disposition: form-data; name=\"upload[attachment]\"; filename=\"productshot6.png\"\r\nContent-Type: image/png\r\n">}, "commit"=>"Create Upload"}
  [1m[35m (0.1ms)[0m  begin transaction
  [1m[36mSQL (2.0ms)[0m  [1mINSERT INTO "uploads" ("attachment", "created_at", "filename", "updated_at") VALUES (?, ?, ?, ?)[0m  [["attachment", #<ActionDispatch::Http::UploadedFile:0x007fbdb7936df0 @tempfile=#<Tempfile:/var/folders/4v/xtlq3b9n6w356pndsw5d1wz00000gr/T/RackMultipart20131127-80963-1b50lpa>, @original_filename="productshot6.png", @content_type="image/png", @headers="Content-Disposition: form-data; name=\"upload[attachment]\"; filename=\"productshot6.png\"\r\nContent-Type: image/png\r\n">], ["created_at", Thu, 28 Nov 2013 03:33:51 UTC +00:00], ["filename", "asdasd"], ["updated_at", Thu, 28 Nov 2013 03:33:51 UTC +00:00]]
TypeError: can't cast ActionDispatch::Http::UploadedFile to string: INSERT INTO "uploads" ("attachment", "created_at", "filename", "updated_at") VALUES (?, ?, ?, ?)
  [1m[35m (0.1ms)[0m  rollback transaction
Completed 500 Internal Server Error in 37ms

ActiveRecord::StatementInvalid (TypeError: can't cast ActionDispatch::Http::UploadedFile to string: INSERT INTO "uploads" ("attachment", "created_at", "filename", "updated_at") VALUES (?, ?, ?, ?)):
  app/controllers/uploads_controller.rb:30:in `block in create'
  app/controllers/uploads_controller.rb:29:in `create'


  Rendered /Users/brad/.rvm/gems/ruby-2.0.0-p0/gems/actionpack-4.0.0/lib/action_dispatch/middleware/templates/rescues/_source.erb (0.5ms)
  Rendered /Users/brad/.rvm/gems/ruby-2.0.0-p0/gems/actionpack-4.0.0/lib/action_dispatch/middleware/templates/rescues/_trace.erb (0.8ms)
  Rendered /Users/brad/.rvm/gems/ruby-2.0.0-p0/gems/actionpack-4.0.0/lib/action_dispatch/middleware/templates/rescues/_request_and_response.erb (0.7ms)
  Rendered /Users/brad/.rvm/gems/ruby-2.0.0-p0/gems/actionpack-4.0.0/lib/action_dispatch/middleware/templates/rescues/diagnostics.erb within rescues/layout (11.1ms)


Started GET "/uploads/new" for 127.0.0.1 at 2013-11-27 19:34:41 -0800
  [1m[36mActiveRecord::SchemaMigration Load (0.1ms)[0m  [1mSELECT "schema_migrations".* FROM "schema_migrations"[0m
Processing by UploadsController#new as HTML
  Rendered uploads/_form.html.erb (15.1ms)
  Rendered uploads/new.html.erb within layouts/application (17.5ms)
Completed 200 OK in 83ms (Views: 60.2ms | ActiveRecord: 0.2ms)


Started GET "/assets/application.css?body=1" for 127.0.0.1 at 2013-11-27 19:34:41 -0800


Started GET "/assets/uploads.css?body=1" for 127.0.0.1 at 2013-11-27 19:34:41 -0800


Started GET "/assets/jquery.js?body=1" for 127.0.0.1 at 2013-11-27 19:34:41 -0800


Started GET "/assets/turbolinks.js?body=1" for 127.0.0.1 at 2013-11-27 19:34:41 -0800


Started GET "/assets/scaffolds.css?body=1" for 127.0.0.1 at 2013-11-27 19:34:41 -0800


Started GET "/assets/jquery_ujs.js?body=1" for 127.0.0.1 at 2013-11-27 19:34:41 -0800


Started GET "/assets/uploads.js?body=1" for 127.0.0.1 at 2013-11-27 19:34:41 -0800


Started GET "/assets/application.js?body=1" for 127.0.0.1 at 2013-11-27 19:34:41 -0800


Started POST "/uploads" for 127.0.0.1 at 2013-11-27 19:34:50 -0800
Processing by UploadsController#create as HTML
  Parameters: {"utf8"=>"✓", "authenticity_token"=>"WQP9ZRoVMG71GjN7zCUOmgXUjFJB37wRdr1JTFCKOuY=", "upload"=>{"filename"=>"asdasd", "attachment"=>#<ActionDispatch::Http::UploadedFile:0x007f9e51f16f20 @tempfile=#<Tempfile:/var/folders/4v/xtlq3b9n6w356pndsw5d1wz00000gr/T/RackMultipart20131127-81014-m68jvn>, @original_filename="productshot3.png", @content_type="image/png", @headers="Content-Disposition: form-data; name=\"upload[attachment]\"; filename=\"productshot3.png\"\r\nContent-Type: image/png\r\n">}, "commit"=>"Create Upload"}
  [1m[35m (0.1ms)[0m  begin transaction
  [1m[36mSQL (0.9ms)[0m  [1mINSERT INTO "uploads" ("attachment", "created_at", "filename", "updated_at") VALUES (?, ?, ?, ?)[0m  [["attachment", "productshot3.png"], ["created_at", Thu, 28 Nov 2013 03:34:50 UTC +00:00], ["filename", "asdasd"], ["updated_at", Thu, 28 Nov 2013 03:34:50 UTC +00:00]]
  [1m[35m (0.6ms)[0m  commit transaction
Redirected to http://localhost:4000/uploads/1
Completed 302 Found in 10ms (ActiveRecord: 1.6ms)


Started GET "/uploads/1" for 127.0.0.1 at 2013-11-27 19:34:50 -0800
Processing by UploadsController#show as HTML
  Parameters: {"id"=>"1"}
  [1m[36mUpload Load (0.1ms)[0m  [1mSELECT "uploads".* FROM "uploads" WHERE "uploads"."id" = ? LIMIT 1[0m  [["id", "1"]]
  Rendered uploads/show.html.erb within layouts/application (1.2ms)
Completed 200 OK in 6ms (Views: 4.0ms | ActiveRecord: 0.1ms)


Started GET "/assets/application.css?body=1" for 127.0.0.1 at 2013-11-27 19:34:50 -0800


Started GET "/assets/scaffolds.css?body=1" for 127.0.0.1 at 2013-11-27 19:34:50 -0800


Started GET "/assets/jquery.js?body=1" for 127.0.0.1 at 2013-11-27 19:34:50 -0800


Started GET "/assets/uploads.css?body=1" for 127.0.0.1 at 2013-11-27 19:34:50 -0800


Started GET "/assets/jquery_ujs.js?body=1" for 127.0.0.1 at 2013-11-27 19:34:50 -0800


Started GET "/assets/turbolinks.js?body=1" for 127.0.0.1 at 2013-11-27 19:34:50 -0800


Started GET "/assets/uploads.js?body=1" for 127.0.0.1 at 2013-11-27 19:34:50 -0800


Started GET "/assets/application.js?body=1" for 127.0.0.1 at 2013-11-27 19:34:50 -0800


Started POST "/uploads" for 127.0.0.1 at 2013-11-27 19:40:02 -0800
  [1m[36mActiveRecord::SchemaMigration Load (0.1ms)[0m  [1mSELECT "schema_migrations".* FROM "schema_migrations"[0m
Processing by UploadsController#create as */*
  Parameters: {"foo"=>"bar", "attachment"=>#<ActionDispatch::Http::UploadedFile:0x007ff1625eea38 @tempfile=#<Tempfile:/var/folders/4v/xtlq3b9n6w356pndsw5d1wz00000gr/T/RackMultipart20131127-81205-7itvjg>, @original_filename="Screen Shot 2013-11-27 at 12.56.31 PM.png", @content_type="image/png", @headers="Content-Disposition: form-data; name=\"attachment\"; filename=\"Screen Shot 2013-11-27 at 12.56.31 PM.png\"\r\nContent-Type: image/png\r\n">}
Can't verify CSRF token authenticity
Completed 422 Unprocessable Entity in 18ms

ActionController::InvalidAuthenticityToken (ActionController::InvalidAuthenticityToken):
  actionpack (4.0.0) lib/action_controller/metal/request_forgery_protection.rb:163:in `handle_unverified_request'
  actionpack (4.0.0) lib/action_controller/metal/request_forgery_protection.rb:170:in `handle_unverified_request'
  actionpack (4.0.0) lib/action_controller/metal/request_forgery_protection.rb:177:in `verify_authenticity_token'
  activesupport (4.0.0) lib/active_support/callbacks.rb:377:in `_run__1525177530091461757__process_action__callbacks'
  activesupport (4.0.0) lib/active_support/callbacks.rb:80:in `run_callbacks'
  actionpack (4.0.0) lib/abstract_controller/callbacks.rb:17:in `process_action'
  actionpack (4.0.0) lib/action_controller/metal/rescue.rb:29:in `process_action'
  actionpack (4.0.0) lib/action_controller/metal/instrumentation.rb:31:in `block in process_action'
  activesupport (4.0.0) lib/active_support/notifications.rb:159:in `block in instrument'
  activesupport (4.0.0) lib/active_support/notifications/instrumenter.rb:20:in `instrument'
  activesupport (4.0.0) lib/active_support/notifications.rb:159:in `instrument'
  actionpack (4.0.0) lib/action_controller/metal/instrumentation.rb:30:in `process_action'
  actionpack (4.0.0) lib/action_controller/metal/params_wrapper.rb:245:in `process_action'
  activerecord (4.0.0) lib/active_record/railties/controller_runtime.rb:18:in `process_action'
  actionpack (4.0.0) lib/abstract_controller/base.rb:136:in `process'
  actionpack (4.0.0) lib/abstract_controller/rendering.rb:44:in `process'
  actionpack (4.0.0) lib/action_controller/metal.rb:195:in `dispatch'
  actionpack (4.0.0) lib/action_controller/metal/rack_delegation.rb:13:in `dispatch'
  actionpack (4.0.0) lib/action_controller/metal.rb:231:in `block in action'
  actionpack (4.0.0) lib/action_dispatch/routing/route_set.rb:80:in `call'
  actionpack (4.0.0) lib/action_dispatch/routing/route_set.rb:80:in `dispatch'
  actionpack (4.0.0) lib/action_dispatch/routing/route_set.rb:48:in `call'
  actionpack (4.0.0) lib/action_dispatch/journey/router.rb:71:in `block in call'
  actionpack (4.0.0) lib/action_dispatch/journey/router.rb:59:in `each'
  actionpack (4.0.0) lib/action_dispatch/journey/router.rb:59:in `call'
  actionpack (4.0.0) lib/action_dispatch/routing/route_set.rb:655:in `call'
  rack (1.5.2) lib/rack/etag.rb:23:in `call'
  rack (1.5.2) lib/rack/conditionalget.rb:35:in `call'
  rack (1.5.2) lib/rack/head.rb:11:in `call'
  actionpack (4.0.0) lib/action_dispatch/middleware/params_parser.rb:27:in `call'
  actionpack (4.0.0) lib/action_dispatch/middleware/flash.rb:241:in `call'
  rack (1.5.2) lib/rack/session/abstract/id.rb:225:in `context'
  rack (1.5.2) lib/rack/session/abstract/id.rb:220:in `call'
  actionpack (4.0.0) lib/action_dispatch/middleware/cookies.rb:486:in `call'
  activerecord (4.0.0) lib/active_record/query_cache.rb:36:in `call'
  activerecord (4.0.0) lib/active_record/connection_adapters/abstract/connection_pool.rb:626:in `call'
  activerecord (4.0.0) lib/active_record/migration.rb:369:in `call'
  actionpack (4.0.0) lib/action_dispatch/middleware/callbacks.rb:29:in `block in call'
  activesupport (4.0.0) lib/active_support/callbacks.rb:373:in `_run__4603010162293070160__call__callbacks'
  activesupport (4.0.0) lib/active_support/callbacks.rb:80:in `run_callbacks'
  actionpack (4.0.0) lib/action_dispatch/middleware/callbacks.rb:27:in `call'
  actionpack (4.0.0) lib/action_dispatch/middleware/reloader.rb:64:in `call'
  actionpack (4.0.0) lib/action_dispatch/middleware/remote_ip.rb:76:in `call'
  actionpack (4.0.0) lib/action_dispatch/middleware/debug_exceptions.rb:17:in `call'
  actionpack (4.0.0) lib/action_dispatch/middleware/show_exceptions.rb:30:in `call'
  railties (4.0.0) lib/rails/rack/logger.rb:38:in `call_app'
  railties (4.0.0) lib/rails/rack/logger.rb:21:in `block in call'
  activesupport (4.0.0) lib/active_support/tagged_logging.rb:67:in `block in tagged'
  activesupport (4.0.0) lib/active_support/tagged_logging.rb:25:in `tagged'
  activesupport (4.0.0) lib/active_support/tagged_logging.rb:67:in `tagged'
  railties (4.0.0) lib/rails/rack/logger.rb:21:in `call'
  actionpack (4.0.0) lib/action_dispatch/middleware/request_id.rb:21:in `call'
  rack (1.5.2) lib/rack/methodoverride.rb:21:in `call'
  rack (1.5.2) lib/rack/runtime.rb:17:in `call'
  activesupport (4.0.0) lib/active_support/cache/strategy/local_cache.rb:83:in `call'
  rack (1.5.2) lib/rack/lock.rb:17:in `call'
  actionpack (4.0.0) lib/action_dispatch/middleware/static.rb:64:in `call'
  railties (4.0.0) lib/rails/engine.rb:511:in `call'
  railties (4.0.0) lib/rails/application.rb:97:in `call'
  rack (1.5.2) lib/rack/lock.rb:17:in `call'
  rack (1.5.2) lib/rack/content_length.rb:14:in `call'
  rack (1.5.2) lib/rack/handler/webrick.rb:60:in `service'
  /System/Library/Frameworks/Ruby.framework/Versions/2.0/usr/lib/ruby/2.0.0/webrick/httpserver.rb:138:in `service'
  /System/Library/Frameworks/Ruby.framework/Versions/2.0/usr/lib/ruby/2.0.0/webrick/httpserver.rb:94:in `run'
  /System/Library/Frameworks/Ruby.framework/Versions/2.0/usr/lib/ruby/2.0.0/webrick/server.rb:295:in `block in start_thread'


  Rendered /Users/brad/.rvm/gems/ruby-2.0.0-p0/gems/actionpack-4.0.0/lib/action_dispatch/middleware/templates/rescues/_source.erb (0.4ms)
  Rendered /Users/brad/.rvm/gems/ruby-2.0.0-p0/gems/actionpack-4.0.0/lib/action_dispatch/middleware/templates/rescues/_trace.erb (0.7ms)
  Rendered /Users/brad/.rvm/gems/ruby-2.0.0-p0/gems/actionpack-4.0.0/lib/action_dispatch/middleware/templates/rescues/_request_and_response.erb (0.7ms)
  Rendered /Users/brad/.rvm/gems/ruby-2.0.0-p0/gems/actionpack-4.0.0/lib/action_dispatch/middleware/templates/rescues/diagnostics.erb within rescues/layout (10.1ms)


Started POST "/uploads.json" for 127.0.0.1 at 2013-11-27 19:40:36 -0800
Processing by UploadsController#create as JSON
  Parameters: {"foo"=>"bar", "attachment"=>#<ActionDispatch::Http::UploadedFile:0x007ff1621f1070 @tempfile=#<Tempfile:/var/folders/4v/xtlq3b9n6w356pndsw5d1wz00000gr/T/RackMultipart20131127-81205-8g16nx>, @original_filename="Screen Shot 2013-11-27 at 12.56.31 PM.png", @content_type="image/png", @headers="Content-Disposition: form-data; name=\"attachment\"; filename=\"Screen Shot 2013-11-27 at 12.56.31 PM.png\"\r\nContent-Type: image/png\r\n">}
Can't verify CSRF token authenticity
Completed 422 Unprocessable Entity in 0ms

ActionController::InvalidAuthenticityToken (ActionController::InvalidAuthenticityToken):
  actionpack (4.0.0) lib/action_controller/metal/request_forgery_protection.rb:163:in `handle_unverified_request'
  actionpack (4.0.0) lib/action_controller/metal/request_forgery_protection.rb:170:in `handle_unverified_request'
  actionpack (4.0.0) lib/action_controller/metal/request_forgery_protection.rb:177:in `verify_authenticity_token'
  activesupport (4.0.0) lib/active_support/callbacks.rb:377:in `_run__1525177530091461757__process_action__callbacks'
  activesupport (4.0.0) lib/active_support/callbacks.rb:80:in `run_callbacks'
  actionpack (4.0.0) lib/abstract_controller/callbacks.rb:17:in `process_action'
  actionpack (4.0.0) lib/action_controller/metal/rescue.rb:29:in `process_action'
  actionpack (4.0.0) lib/action_controller/metal/instrumentation.rb:31:in `block in process_action'
  activesupport (4.0.0) lib/active_support/notifications.rb:159:in `block in instrument'
  activesupport (4.0.0) lib/active_support/notifications/instrumenter.rb:20:in `instrument'
  activesupport (4.0.0) lib/active_support/notifications.rb:159:in `instrument'
  actionpack (4.0.0) lib/action_controller/metal/instrumentation.rb:30:in `process_action'
  actionpack (4.0.0) lib/action_controller/metal/params_wrapper.rb:245:in `process_action'
  activerecord (4.0.0) lib/active_record/railties/controller_runtime.rb:18:in `process_action'
  actionpack (4.0.0) lib/abstract_controller/base.rb:136:in `process'
  actionpack (4.0.0) lib/abstract_controller/rendering.rb:44:in `process'
  actionpack (4.0.0) lib/action_controller/metal.rb:195:in `dispatch'
  actionpack (4.0.0) lib/action_controller/metal/rack_delegation.rb:13:in `dispatch'
  actionpack (4.0.0) lib/action_controller/metal.rb:231:in `block in action'
  actionpack (4.0.0) lib/action_dispatch/routing/route_set.rb:80:in `call'
  actionpack (4.0.0) lib/action_dispatch/routing/route_set.rb:80:in `dispatch'
  actionpack (4.0.0) lib/action_dispatch/routing/route_set.rb:48:in `call'
  actionpack (4.0.0) lib/action_dispatch/journey/router.rb:71:in `block in call'
  actionpack (4.0.0) lib/action_dispatch/journey/router.rb:59:in `each'
  actionpack (4.0.0) lib/action_dispatch/journey/router.rb:59:in `call'
  actionpack (4.0.0) lib/action_dispatch/routing/route_set.rb:655:in `call'
  rack (1.5.2) lib/rack/etag.rb:23:in `call'
  rack (1.5.2) lib/rack/conditionalget.rb:35:in `call'
  rack (1.5.2) lib/rack/head.rb:11:in `call'
  actionpack (4.0.0) lib/action_dispatch/middleware/params_parser.rb:27:in `call'
  actionpack (4.0.0) lib/action_dispatch/middleware/flash.rb:241:in `call'
  rack (1.5.2) lib/rack/session/abstract/id.rb:225:in `context'
  rack (1.5.2) lib/rack/session/abstract/id.rb:220:in `call'
  actionpack (4.0.0) lib/action_dispatch/middleware/cookies.rb:486:in `call'
  activerecord (4.0.0) lib/active_record/query_cache.rb:36:in `call'
  activerecord (4.0.0) lib/active_record/connection_adapters/abstract/connection_pool.rb:626:in `call'
  activerecord (4.0.0) lib/active_record/migration.rb:369:in `call'
  actionpack (4.0.0) lib/action_dispatch/middleware/callbacks.rb:29:in `block in call'
  activesupport (4.0.0) lib/active_support/callbacks.rb:373:in `_run__4603010162293070160__call__callbacks'
  activesupport (4.0.0) lib/active_support/callbacks.rb:80:in `run_callbacks'
  actionpack (4.0.0) lib/action_dispatch/middleware/callbacks.rb:27:in `call'
  actionpack (4.0.0) lib/action_dispatch/middleware/reloader.rb:64:in `call'
  actionpack (4.0.0) lib/action_dispatch/middleware/remote_ip.rb:76:in `call'
  actionpack (4.0.0) lib/action_dispatch/middleware/debug_exceptions.rb:17:in `call'
  actionpack (4.0.0) lib/action_dispatch/middleware/show_exceptions.rb:30:in `call'
  railties (4.0.0) lib/rails/rack/logger.rb:38:in `call_app'
  railties (4.0.0) lib/rails/rack/logger.rb:21:in `block in call'
  activesupport (4.0.0) lib/active_support/tagged_logging.rb:67:in `block in tagged'
  activesupport (4.0.0) lib/active_support/tagged_logging.rb:25:in `tagged'
  activesupport (4.0.0) lib/active_support/tagged_logging.rb:67:in `tagged'
  railties (4.0.0) lib/rails/rack/logger.rb:21:in `call'
  actionpack (4.0.0) lib/action_dispatch/middleware/request_id.rb:21:in `call'
  rack (1.5.2) lib/rack/methodoverride.rb:21:in `call'
  rack (1.5.2) lib/rack/runtime.rb:17:in `call'
  activesupport (4.0.0) lib/active_support/cache/strategy/local_cache.rb:83:in `call'
  rack (1.5.2) lib/rack/lock.rb:17:in `call'
  actionpack (4.0.0) lib/action_dispatch/middleware/static.rb:64:in `call'
  railties (4.0.0) lib/rails/engine.rb:511:in `call'
  railties (4.0.0) lib/rails/application.rb:97:in `call'
  rack (1.5.2) lib/rack/lock.rb:17:in `call'
  rack (1.5.2) lib/rack/content_length.rb:14:in `call'
  rack (1.5.2) lib/rack/handler/webrick.rb:60:in `service'
  /System/Library/Frameworks/Ruby.framework/Versions/2.0/usr/lib/ruby/2.0.0/webrick/httpserver.rb:138:in `service'
  /System/Library/Frameworks/Ruby.framework/Versions/2.0/usr/lib/ruby/2.0.0/webrick/httpserver.rb:94:in `run'
  /System/Library/Frameworks/Ruby.framework/Versions/2.0/usr/lib/ruby/2.0.0/webrick/server.rb:295:in `block in start_thread'


  Rendered /Users/brad/.rvm/gems/ruby-2.0.0-p0/gems/actionpack-4.0.0/lib/action_dispatch/middleware/templates/rescues/_source.erb (0.3ms)
  Rendered /Users/brad/.rvm/gems/ruby-2.0.0-p0/gems/actionpack-4.0.0/lib/action_dispatch/middleware/templates/rescues/_trace.erb (0.6ms)
  Rendered /Users/brad/.rvm/gems/ruby-2.0.0-p0/gems/actionpack-4.0.0/lib/action_dispatch/middleware/templates/rescues/_request_and_response.erb (0.7ms)
  Rendered /Users/brad/.rvm/gems/ruby-2.0.0-p0/gems/actionpack-4.0.0/lib/action_dispatch/middleware/templates/rescues/diagnostics.erb within rescues/layout (9.3ms)


Started POST "/uploads.json" for 127.0.0.1 at 2013-11-27 19:42:25 -0800
  [1m[36mActiveRecord::SchemaMigration Load (0.1ms)[0m  [1mSELECT "schema_migrations".* FROM "schema_migrations"[0m
Processing by UploadsController#create as JSON
  Parameters: {"foo"=>"bar", "attachment"=>#<ActionDispatch::Http::UploadedFile:0x007fe7379d4830 @tempfile=#<Tempfile:/var/folders/4v/xtlq3b9n6w356pndsw5d1wz00000gr/T/RackMultipart20131127-81872-1w5h37p>, @original_filename="Screen Shot 2013-11-25 at 4.02.14 PM.png", @content_type="image/png", @headers="Content-Disposition: form-data; name=\"attachment\"; filename=\"Screen Shot 2013-11-25 at 4.02.14 PM.png\"\r\nContent-Type: image/png\r\n">}
Completed 400 Bad Request in 22ms

ActionController::ParameterMissing (param not found: upload):
  app/controllers/uploads_controller.rb:73:in `upload_params'
  app/controllers/uploads_controller.rb:28:in `create'


  Rendered /Users/brad/.rvm/gems/ruby-2.0.0-p0/gems/actionpack-4.0.0/lib/action_dispatch/middleware/templates/rescues/_source.erb (0.4ms)
  Rendered /Users/brad/.rvm/gems/ruby-2.0.0-p0/gems/actionpack-4.0.0/lib/action_dispatch/middleware/templates/rescues/_trace.erb (0.7ms)
  Rendered /Users/brad/.rvm/gems/ruby-2.0.0-p0/gems/actionpack-4.0.0/lib/action_dispatch/middleware/templates/rescues/_request_and_response.erb (0.6ms)
  Rendered /Users/brad/.rvm/gems/ruby-2.0.0-p0/gems/actionpack-4.0.0/lib/action_dispatch/middleware/templates/rescues/diagnostics.erb within rescues/layout (9.9ms)


Started GET "/uploads/new" for 127.0.0.1 at 2013-11-27 19:43:00 -0800
Processing by UploadsController#new as HTML
  Rendered uploads/_form.html.erb (39.6ms)
  Rendered uploads/new.html.erb within layouts/application (41.8ms)
Completed 200 OK in 63ms (Views: 60.9ms | ActiveRecord: 0.2ms)


Started GET "/assets/application.css?body=1" for 127.0.0.1 at 2013-11-27 19:43:00 -0800


Started GET "/assets/scaffolds.css?body=1" for 127.0.0.1 at 2013-11-27 19:43:00 -0800


Started GET "/assets/jquery.js?body=1" for 127.0.0.1 at 2013-11-27 19:43:00 -0800


Started GET "/assets/uploads.css?body=1" for 127.0.0.1 at 2013-11-27 19:43:00 -0800


Started GET "/assets/jquery_ujs.js?body=1" for 127.0.0.1 at 2013-11-27 19:43:00 -0800


Started GET "/assets/turbolinks.js?body=1" for 127.0.0.1 at 2013-11-27 19:43:00 -0800


Started GET "/assets/uploads.js?body=1" for 127.0.0.1 at 2013-11-27 19:43:00 -0800


Started GET "/assets/application.js?body=1" for 127.0.0.1 at 2013-11-27 19:43:00 -0800


Started POST "/uploads" for 127.0.0.1 at 2013-11-27 19:43:17 -0800
Processing by UploadsController#create as HTML
  Parameters: {"utf8"=>"✓", "authenticity_token"=>"WQP9ZRoVMG71GjN7zCUOmgXUjFJB37wRdr1JTFCKOuY=", "upload"=>{"filename"=>"asdsa", "attachment"=>#<ActionDispatch::Http::UploadedFile:0x007fe7379bd6f8 @tempfile=#<Tempfile:/var/folders/4v/xtlq3b9n6w356pndsw5d1wz00000gr/T/RackMultipart20131127-81872-6b01pw>, @original_filename="productshot6.png", @content_type="image/png", @headers="Content-Disposition: form-data; name=\"upload[attachment]\"; filename=\"productshot6.png\"\r\nContent-Type: image/png\r\n">}, "commit"=>"Create Upload"}
  [1m[35m (0.1ms)[0m  begin transaction
  [1m[36mSQL (0.9ms)[0m  [1mINSERT INTO "uploads" ("attachment", "created_at", "filename", "updated_at") VALUES (?, ?, ?, ?)[0m  [["attachment", "productshot6.png"], ["created_at", Thu, 28 Nov 2013 03:43:17 UTC +00:00], ["filename", "asdsa"], ["updated_at", Thu, 28 Nov 2013 03:43:17 UTC +00:00]]
  [1m[35m (0.5ms)[0m  commit transaction
Redirected to http://localhost:4000/uploads/2
Completed 302 Found in 10ms (ActiveRecord: 1.6ms)


Started GET "/uploads/2" for 127.0.0.1 at 2013-11-27 19:43:17 -0800
Processing by UploadsController#show as HTML
  Parameters: {"id"=>"2"}
  [1m[36mUpload Load (0.2ms)[0m  [1mSELECT "uploads".* FROM "uploads" WHERE "uploads"."id" = ? LIMIT 1[0m  [["id", "2"]]
  Rendered uploads/show.html.erb within layouts/application (1.5ms)
Completed 200 OK in 8ms (Views: 5.6ms | ActiveRecord: 0.2ms)


Started GET "/assets/application.css?body=1" for 127.0.0.1 at 2013-11-27 19:43:17 -0800


Started GET "/assets/uploads.css?body=1" for 127.0.0.1 at 2013-11-27 19:43:17 -0800


Started GET "/assets/jquery_ujs.js?body=1" for 127.0.0.1 at 2013-11-27 19:43:17 -0800


Started GET "/assets/uploads.js?body=1" for 127.0.0.1 at 2013-11-27 19:43:17 -0800


Started GET "/assets/scaffolds.css?body=1" for 127.0.0.1 at 2013-11-27 19:43:17 -0800


Started GET "/assets/turbolinks.js?body=1" for 127.0.0.1 at 2013-11-27 19:43:17 -0800


Started GET "/assets/application.js?body=1" for 127.0.0.1 at 2013-11-27 19:43:17 -0800


Started GET "/assets/jquery.js?body=1" for 127.0.0.1 at 2013-11-27 19:43:17 -0800


Started POST "/uploads.json" for 127.0.0.1 at 2013-11-27 19:44:22 -0800
Processing by UploadsController#create as JSON
  Parameters: {"foo"=>"bar", "upload"=>{"attachment"=>#<ActionDispatch::Http::UploadedFile:0x007fe735bcbdc0 @tempfile=#<Tempfile:/var/folders/4v/xtlq3b9n6w356pndsw5d1wz00000gr/T/RackMultipart20131127-81872-198j0oq>, @original_filename="186.png", @content_type="image/png", @headers="Content-Disposition: form-data; name=\"upload[attachment]\"; filename=\"186.png\"\r\nContent-Type: image/png\r\n">}}
  [1m[35m (0.1ms)[0m  begin transaction
  [1m[36mSQL (0.5ms)[0m  [1mINSERT INTO "uploads" ("attachment", "created_at", "updated_at") VALUES (?, ?, ?)[0m  [["attachment", "186.png"], ["created_at", Thu, 28 Nov 2013 03:44:22 UTC +00:00], ["updated_at", Thu, 28 Nov 2013 03:44:22 UTC +00:00]]
  [1m[35m (0.5ms)[0m  commit transaction
  Rendered uploads/show.json.jbuilder (3.6ms)
Completed 201 Created in 11ms (Views: 5.3ms | ActiveRecord: 1.1ms)
